e:\opengl projects\visual studio\gl-framework\bin-interm\gl-core\debug-win32\vc143.pdb
e:\opengl projects\visual studio\gl-framework\bin-interm\gl-core\debug-win32\vc143.idb
e:\opengl projects\visual studio\gl-framework\bin-interm\gl-core\debug-win32\input.obj
e:\opengl projects\visual studio\gl-framework\bin-interm\gl-core\debug-win32\vec4.obj
e:\opengl projects\visual studio\gl-framework\bin-interm\gl-core\debug-win32\vec3.obj
e:\opengl projects\visual studio\gl-framework\bin-interm\gl-core\debug-win32\vec2.obj
e:\opengl projects\visual studio\gl-framework\bin-interm\gl-core\debug-win32\mat4.obj
e:\opengl projects\visual studio\gl-framework\bin-interm\gl-core\debug-win32\main.obj
e:\opengl projects\visual studio\gl-framework\bin-interm\gl-core\debug-win32\window.obj
e:\opengl projects\visual studio\gl-framework\bin-interm\gl-core\debug-win32\texture.obj
e:\opengl projects\visual studio\gl-framework\bin-interm\gl-core\debug-win32\shader.obj
e:\opengl projects\visual studio\gl-framework\bin-interm\gl-core\debug-win32\stb_image.obj
e:\opengl projects\visual studio\gl-framework\bin-interm\gl-core\debug-win32\primitives.obj
e:\opengl projects\visual studio\gl-framework\bin-interm\gl-core\debug-win32\application.obj
e:\opengl projects\visual studio\gl-framework\bin-interm\gl-core\debug-win32\orthographic_camera.obj
e:\opengl projects\visual studio\gl-framework\bin\gl-core\debug-win32\gl-core.exe
e:\opengl projects\visual studio\gl-framework\bin-interm\gl-core\debug-win32\gl-core.ilk
e:\opengl projects\visual studio\gl-framework\bin\gl-core\debug-win32\gl-core.pdb
e:\opengl projects\visual studio\gl-framework\bin-interm\gl-core\debug-win32\gl-core.vcxproj.filelistabsolute.txt
e:\opengl projects\visual studio\gl-framework\bin-interm\gl-core\debug-win32\gl-core.tlog\cl.command.1.tlog
e:\opengl projects\visual studio\gl-framework\bin-interm\gl-core\debug-win32\gl-core.tlog\cl.read.1.tlog
e:\opengl projects\visual studio\gl-framework\bin-interm\gl-core\debug-win32\gl-core.tlog\cl.write.1.tlog
e:\opengl projects\visual studio\gl-framework\bin-interm\gl-core\debug-win32\gl-core.tlog\link.command.1.tlog
e:\opengl projects\visual studio\gl-framework\bin-interm\gl-core\debug-win32\gl-core.tlog\link.read.1.tlog
e:\opengl projects\visual studio\gl-framework\bin-interm\gl-core\debug-win32\gl-core.tlog\link.write.1.tlog
